#
# A fatal error has been detected by the Java Runtime Environment:
#
#  EXCEPTION_ACCESS_VIOLATION (0xc0000005) at pc=0x0000000057635077, pid=4216, tid=0x0000000000000dcc
#
# JRE version: Java(TM) SE Runtime Environment (8.0_241-b07) (build 1.8.0_241-b07)
# Java VM: Java HotSpot(TM) 64-Bit Server VM (25.241-b07 mixed mode windows-amd64 compressed oops)
# Problematic frame:
# V  [jvm.dll+0x215077]
#
# Failed to write core dump. Minidumps are not enabled by default on client versions of Windows
#
# If you would like to submit a bug report, please visit:
#   http://bugreport.java.com/bugreport/crash.jsp
#

---------------  T H R E A D  ---------------

Current thread (0x000000001c8ab800):  JavaThread "HikariPool-1 connection adder" daemon [_thread_in_vm, id=3532, stack(0x0000000022540000,0x0000000022640000)]

siginfo: ExceptionCode=0xc0000005, writing address 0x0000000022635bc0

Registers:
RAX=0x0000000022635bc0, RBX=0x0000000000000007, RCX=0x0000000000006000, RDX=0x0000000000000017
RSP=0x000000002263bbc0, RBP=0x0000000000000000, RSI=0x000000002263bbc0, RDI=0x0000000000000007
R8 =0x0000000000000017, R9 =0x000000001c8cec80, R10=0x0000000014e25d30, R11=0x000000002254a1a8
R12=0x000000001c8cec80, R13=0x000000001c8ab800, R14=0x000000002263bc88, R15=0x0000000014e25d30
RIP=0x0000000057635077, EFLAGS=0x0000000000010206

Top of Stack: (sp=0x000000002263bbc0)
0x000000002263bbc0:   0000000000000000 0000000000000000
0x000000002263bbd0:   000000001c8ab800 000000001c8cec80
0x000000002263bbe0:   00000000ffffffff 0000000057635fa7
0x000000002263bbf0:   000000002263bcf0 0000000014e25d30
0x000000002263bc00:   000000001c8ab800 0000000000000000
0x000000002263bc10:   0000000000000000 0000000000000000
0x000000002263bc20:   0000000000000000 0000000000000000
0x000000002263bc30:   0000000014e25d30 000000001c8ab800
0x000000002263bc40:   000000000303d820 0000000000de02b4
0x000000002263bc50:   0000000000000000 0000000000000048
0x000000002263bc60:   0000000000000000 0000000000000050
0x000000002263bc70:   0000000000000000 0000000014e25d30
0x000000002263bc80:   000000001c8ab800 0000000017865f20
0x000000002263bc90:   0000000002bc0000 00007ffdd95daf8e
0x000000002263bca0:   000000002263bfd0 0000000000000000
0x000000002263bcb0:   0000000000000048 0000000000000000 

Instructions: (pc=0x0000000057635077)
0x0000000057635057:   48 89 6c 24 30 33 ed 66 90 e8 3b 5c 08 00 ff c3
0x0000000057635067:   48 63 c8 48 8b c6 48 0f af cf 48 ff c7 48 2b c1
0x0000000057635077:   89 28 48 63 c3 48 3b 05 25 08 5a 00 7e db 48 8b
0x0000000057635087:   6c 24 30 48 8b 5c 24 38 48 8b 74 24 40 48 83 c4 


Register to memory mapping:

RAX=0x0000000022635bc0 is pointing into the stack for thread: 0x000000001c8ab800
RBX=0x0000000000000007 is an unknown value
RCX=0x0000000000006000 is an unknown value
RDX=0x0000000000000017 is an unknown value
RSP=0x000000002263bbc0 is pointing into the stack for thread: 0x000000001c8ab800
RBP=0x0000000000000000 is an unknown value
RSI=0x000000002263bbc0 is pointing into the stack for thread: 0x000000001c8ab800
RDI=0x0000000000000007 is an unknown value
R8 =0x0000000000000017 is an unknown value
R9 =0x000000001c8cec80 is an unknown value
R10={method} {0x0000000014e25d38} 'transform' '(Ljava/lang/ClassLoader;Ljava/lang/String;Ljava/lang/Class;Ljava/security/ProtectionDomain;[BZ)[B' in 'sun/instrument/InstrumentationImpl'
R11=0x000000002254a1a8 is pointing into the stack for thread: 0x000000001c8ab800
R12=0x000000001c8cec80 is an unknown value
R13=0x000000001c8ab800 is a thread
R14=0x000000002263bc88 is pointing into the stack for thread: 0x000000001c8ab800
R15={method} {0x0000000014e25d38} 'transform' '(Ljava/lang/ClassLoader;Ljava/lang/String;Ljava/lang/Class;Ljava/security/ProtectionDomain;[BZ)[B' in 'sun/instrument/InstrumentationImpl'


Stack: [0x0000000022540000,0x0000000022640000],  sp=0x000000002263bbc0,  free space=1006k
Native frames: (J=compiled Java code, j=interpreted, Vv=VM code, C=native code)

Java frames: (J=compiled Java code, j=interpreted, Vv=VM code)
J 785  java.lang.ClassLoader.defineClass1(Ljava/lang/String;[BIILjava/security/ProtectionDomain;Ljava/lang/String;)Ljava/lang/Class; (0 bytes) @ 0x000000000320ce9f [0x000000000320ce00+0x9f]
J 783 C1 java.lang.ClassLoader.defineClass(Ljava/lang/String;[BIILjava/security/ProtectionDomain;)Ljava/lang/Class; (43 bytes) @ 0x000000000320d31c [0x000000000320d220+0xfc]
J 787 C1 java.net.URLClassLoader.defineClass(Ljava/lang/String;Lsun/misc/Resource;)Ljava/lang/Class; (142 bytes) @ 0x000000000320f8cc [0x000000000320ef00+0x9cc]
J 778 C1 java.net.URLClassLoader$1.run()Ljava/lang/Class; (63 bytes) @ 0x000000000320a834 [0x000000000320a780+0xb4]
J 736 C1 java.net.URLClassLoader$1.run()Ljava/lang/Object; (5 bytes) @ 0x00000000031f9ad4 [0x00000000031f9aa0+0x34]
v  ~StubRoutines::call_stub
J 550  java.security.AccessController.doPrivileged(Ljava/security/PrivilegedExceptionAction;Ljava/security/AccessControlContext;)Ljava/lang/Object; (0 bytes) @ 0x00000000031a4926 [0x00000000031a48c0+0x66]
J 644 C1 java.net.URLClassLoader.findClass(Ljava/lang/String;)Ljava/lang/Class; (47 bytes) @ 0x00000000031d92b4 [0x00000000031d9200+0xb4]
J 4315 C1 java.lang.ClassLoader.loadClass(Ljava/lang/String;Z)Ljava/lang/Class; (122 bytes) @ 0x00000000037a2da4 [0x00000000037a2aa0+0x304]
J 628 C1 sun.misc.Launcher$AppClassLoader.loadClass(Ljava/lang/String;Z)Ljava/lang/Class; (85 bytes) @ 0x00000000031cf3c4 [0x00000000031cf0e0+0x2e4]
J 714 C1 java.lang.ClassLoader.loadClass(Ljava/lang/String;)Ljava/lang/Class; (7 bytes) @ 0x00000000031f16e4 [0x00000000031f16a0+0x44]
v  ~StubRoutines::call_stub
j  com.zaxxer.hikari.pool.HikariPool.createPoolEntry()Lcom/zaxxer/hikari/pool/PoolEntry;+1
j  com.zaxxer.hikari.pool.HikariPool.access$100(Lcom/zaxxer/hikari/pool/HikariPool;)Lcom/zaxxer/hikari/pool/PoolEntry;+1
j  com.zaxxer.hikari.pool.HikariPool$PoolEntryCreator.call()Ljava/lang/Boolean;+25
j  com.zaxxer.hikari.pool.HikariPool$PoolEntryCreator.call()Ljava/lang/Object;+1
j  java.util.concurrent.FutureTask.run()V+42
j  java.util.concurrent.ThreadPoolExecutor.runWorker(Ljava/util/concurrent/ThreadPoolExecutor$Worker;)V+95
j  java.util.concurrent.ThreadPoolExecutor$Worker.run()V+5
j  java.lang.Thread.run()V+11
v  ~StubRoutines::call_stub

---------------  P R O C E S S  ---------------

Java Threads: ( => current thread )
=>0x000000001c8ab800 JavaThread "HikariPool-1 connection adder" daemon [_thread_in_vm, id=3532, stack(0x0000000022540000,0x0000000022640000)]
  0x000000001c8a8000 JavaThread "HikariPool-1 connection closer" daemon [_thread_blocked, id=3660, stack(0x0000000022440000,0x0000000022540000)]
  0x000000001c8a9800 JavaThread "DestroyJavaVM" [_thread_blocked, id=5936, stack(0x0000000002bd0000,0x0000000002cd0000)]
  0x000000001c8a6800 JavaThread "http-nio-8080-Acceptor" daemon [_thread_in_native, id=592, stack(0x000000001ea40000,0x000000001eb40000)]
  0x000000001c8aa000 JavaThread "http-nio-8080-Poller" daemon [_thread_in_native, id=2308, stack(0x000000001e940000,0x000000001ea40000)]
  0x000000001c8ac800 JavaThread "http-nio-8080-exec-10" daemon [_thread_blocked, id=10124, stack(0x000000001e840000,0x000000001e940000)]
  0x000000001c8a5800 JavaThread "http-nio-8080-exec-9" daemon [_thread_blocked, id=5280, stack(0x000000001e740000,0x000000001e840000)]
  0x000000001c7a6000 JavaThread "http-nio-8080-exec-8" daemon [_thread_blocked, id=1948, stack(0x000000001e640000,0x000000001e740000)]
  0x000000001c7a4800 JavaThread "http-nio-8080-exec-7" daemon [_thread_blocked, id=6788, stack(0x000000001e540000,0x000000001e640000)]
  0x000000001c7a2000 JavaThread "http-nio-8080-exec-6" daemon [_thread_blocked, id=5804, stack(0x000000001e440000,0x000000001e540000)]
  0x000000001c7a3000 JavaThread "http-nio-8080-exec-5" daemon [_thread_blocked, id=6480, stack(0x000000001e340000,0x000000001e440000)]
  0x000000001c7a1800 JavaThread "http-nio-8080-exec-4" daemon [_thread_blocked, id=8724, stack(0x000000001e240000,0x000000001e340000)]
  0x000000001c7a7800 JavaThread "http-nio-8080-exec-3" daemon [_thread_blocked, id=6760, stack(0x000000001e140000,0x000000001e240000)]
  0x000000001c7a5000 JavaThread "http-nio-8080-exec-2" daemon [_thread_blocked, id=3424, stack(0x000000001e040000,0x000000001e140000)]
  0x000000001c7a6800 JavaThread "http-nio-8080-exec-1" daemon [_thread_blocked, id=7820, stack(0x000000001df40000,0x000000001e040000)]
  0x000000001c7a3800 JavaThread "Live Reload Server" daemon [_thread_in_native, id=7284, stack(0x000000001de40000,0x000000001df40000)]
  0x000000001c7a8000 JavaThread "File Watcher" daemon [_thread_blocked, id=6208, stack(0x000000001dc40000,0x000000001dd40000)]
  0x0000000016c6a000 JavaThread "HikariPool-1 housekeeper" daemon [_thread_blocked, id=7264, stack(0x000000001bd70000,0x000000001be70000)]
  0x000000001a0ca000 JavaThread "mysql-cj-abandoned-connection-cleanup" daemon [_thread_blocked, id=5008, stack(0x000000001b470000,0x000000001b570000)]
  0x000000001a0c9000 JavaThread "container-0" [_thread_blocked, id=2188, stack(0x000000001b370000,0x000000001b470000)]
  0x000000001a0c8800 JavaThread "Catalina-utility-2" [_thread_blocked, id=4420, stack(0x000000001b270000,0x000000001b370000)]
  0x0000000019df2000 JavaThread "Catalina-utility-1" [_thread_blocked, id=8864, stack(0x000000001b170000,0x000000001b270000)]
  0x00000000178a4800 JavaThread "RMI Scheduler(0)" daemon [_thread_blocked, id=5736, stack(0x0000000018fa0000,0x00000000190a0000)]
  0x00000000175a6800 JavaThread "RMI TCP Accept-0" daemon [_thread_in_native, id=6348, stack(0x0000000017fa0000,0x00000000180a0000)]
  0x0000000017380800 JavaThread "Service Thread" daemon [_thread_blocked, id=9932, stack(0x0000000017b60000,0x0000000017c60000)]
  0x0000000016ee3000 JavaThread "C1 CompilerThread2" daemon [_thread_blocked, id=2396, stack(0x0000000017260000,0x0000000017360000)]
  0x0000000016ed9800 JavaThread "C2 CompilerThread1" daemon [_thread_blocked, id=9428, stack(0x0000000017160000,0x0000000017260000)]
  0x0000000016ed5800 JavaThread "C2 CompilerThread0" daemon [_thread_blocked, id=7668, stack(0x0000000017060000,0x0000000017160000)]
  0x0000000016ed3800 JavaThread "Monitor Ctrl-Break" daemon [_thread_in_native, id=4204, stack(0x0000000016f60000,0x0000000017060000)]
  0x00000000155ff000 JavaThread "Attach Listener" daemon [_thread_blocked, id=5648, stack(0x0000000016a60000,0x0000000016b60000)]
  0x00000000155fd800 JavaThread "Signal Dispatcher" daemon [_thread_blocked, id=8872, stack(0x0000000016960000,0x0000000016a60000)]
  0x0000000002dcb800 JavaThread "Finalizer" daemon [_thread_blocked, id=7660, stack(0x0000000016860000,0x0000000016960000)]
  0x0000000002dc8000 JavaThread "Reference Handler" daemon [_thread_blocked, id=6468, stack(0x0000000016760000,0x0000000016860000)]

Other Threads:
  0x00000000155b7800 VMThread [stack: 0x0000000016660000,0x0000000016760000] [id=6380]
  0x00000000175b1000 WatcherThread [stack: 0x00000000180a0000,0x00000000181a0000] [id=7900]

VM state:not at safepoint (normal execution)

VM Mutex/Monitor currently owned by a thread: None

OutOfMemory and StackOverflow Exception counts:
StackOverflowErrors=1

heap address: 0x00000000c1200000, size: 1006 MB, Compressed Oops mode: 32-bit
Narrow klass base: 0x0000000000000000, Narrow klass shift: 3
Compressed class space size: 1073741824 Address: 0x0000000100000000

Heap:
 PSYoungGen      total 324608K, used 139157K [0x00000000eb100000, 0x00000000ffe80000, 0x0000000100000000)
  eden space 309760K, 44% used [0x00000000eb100000,0x00000000f362fcc0,0x00000000fdf80000)
  from space 14848K, 18% used [0x00000000ff000000,0x00000000ff2b58f0,0x00000000ffe80000)
  to   space 15872K, 0% used [0x00000000fdf80000,0x00000000fdf80000,0x00000000fef00000)
 ParOldGen       total 62464K, used 24826K [0x00000000c1200000, 0x00000000c4f00000, 0x00000000eb100000)
  object space 62464K, 39% used [0x00000000c1200000,0x00000000c2a3e898,0x00000000c4f00000)
 Metaspace       used 57285K, capacity 61194K, committed 61400K, reserved 1101824K
  class space    used 7965K, capacity 8646K, committed 8704K, reserved 1048576K

Card table byte_map: [0x0000000012390000,0x0000000012590000] byte_map_base: 0x0000000011d87000

Marking Bits: (ParMarkBitMap*) 0x0000000057c4be30
 Begin Bits: [0x0000000012ae0000, 0x0000000013a98000)
 End Bits:   [0x0000000013a98000, 0x0000000014a50000)

Polling page: 0x0000000000e00000

CodeCache: size=245760Kb used=13481Kb max_used=13481Kb free=232278Kb
 bounds [0x0000000002fd0000, 0x0000000003d00000, 0x0000000011fd0000]
 total_blobs=7965 nmethods=7385 adapters=489
 compilation: enabled

Compilation events (10 events):
Event: 7124.233 Thread 0x0000000016ee3000 7982       1       com.zaxxer.hikari.pool.HikariPool::access$200 (5 bytes)
Event: 7124.236 Thread 0x0000000016ee3000 nmethod 7982 0x0000000003cfb610 code [0x0000000003cfb760, 0x0000000003cfb850]
Event: 7124.244 Thread 0x0000000016ee3000 7983       1       com.zaxxer.hikari.pool.PoolBase::setNetworkTimeout (21 bytes)
Event: 7124.249 Thread 0x0000000016ee3000 nmethod 7983 0x0000000003cfb8d0 code [0x0000000003cfba20, 0x0000000003cfbb68]
Event: 7124.537 Thread 0x0000000016ee3000 7984  s    1       java.io.FileDescriptor::attach (73 bytes)
Event: 7124.548 Thread 0x0000000016ee3000 nmethod 7984 0x0000000003cfbbd0 code [0x0000000003cfbd60, 0x0000000003cfc268]
Event: 7124.582 Thread 0x0000000016ee3000 7985       1       java.security.MessageDigest::update (45 bytes)
Event: 7124.587 Thread 0x0000000016ee3000 nmethod 7985 0x0000000003cfc510 code [0x0000000003cfc6a0, 0x0000000003cfc948]
Event: 7145.621 Thread 0x0000000016ee3000 7986       1       java.lang.Thread::checkAccess (14 bytes)
Event: 7145.826 Thread 0x0000000016ee3000 nmethod 7986 0x0000000003cfcad0 code [0x0000000003cfcc40, 0x0000000003cfce58]

GC Heap History (10 events):
Event: 5.980 GC heap before
{Heap before GC invocations=13 (full 2):
 PSYoungGen      total 207872K, used 1782K [0x00000000eb100000, 0x00000000fe780000, 0x0000000100000000)
  eden space 195584K, 0% used [0x00000000eb100000,0x00000000eb100000,0x00000000f7000000)
  from space 12288K, 14% used [0x00000000f7000000,0x00000000f71bd810,0x00000000f7c00000)
  to   space 12288K, 0% used [0x00000000fdb80000,0x00000000fdb80000,0x00000000fe780000)
 ParOldGen       total 28160K, used 16567K [0x00000000c1200000, 0x00000000c2d80000, 0x00000000eb100000)
  object space 28160K, 58% used [0x00000000c1200000,0x00000000c222dea8,0x00000000c2d80000)
 Metaspace       used 33228K, capacity 35376K, committed 35416K, reserved 1079296K
  class space    used 4559K, capacity 4989K, committed 4992K, reserved 1048576K
Event: 6.098 GC heap after
Heap after GC invocations=13 (full 2):
 PSYoungGen      total 207872K, used 0K [0x00000000eb100000, 0x00000000fe780000, 0x0000000100000000)
  eden space 195584K, 0% used [0x00000000eb100000,0x00000000eb100000,0x00000000f7000000)
  from space 12288K, 0% used [0x00000000f7000000,0x00000000f7000000,0x00000000f7c00000)
  to   space 12288K, 0% used [0x00000000fdb80000,0x00000000fdb80000,0x00000000fe780000)
 ParOldGen       total 43520K, used 13687K [0x00000000c1200000, 0x00000000c3c80000, 0x00000000eb100000)
  object space 43520K, 31% used [0x00000000c1200000,0x00000000c1f5de00,0x00000000c3c80000)
 Metaspace       used 33228K, capacity 35376K, committed 35416K, reserved 1079296K
  class space    used 4559K, capacity 4989K, committed 4992K, reserved 1048576K
}
Event: 9.239 GC heap before
{Heap before GC invocations=14 (full 2):
 PSYoungGen      total 207872K, used 195584K [0x00000000eb100000, 0x00000000fe780000, 0x0000000100000000)
  eden space 195584K, 100% used [0x00000000eb100000,0x00000000f7000000,0x00000000f7000000)
  from space 12288K, 0% used [0x00000000f7000000,0x00000000f7000000,0x00000000f7c00000)
  to   space 12288K, 0% used [0x00000000fdb80000,0x00000000fdb80000,0x00000000fe780000)
 ParOldGen       total 43520K, used 13687K [0x00000000c1200000, 0x00000000c3c80000, 0x00000000eb100000)
  object space 43520K, 31% used [0x00000000c1200000,0x00000000c1f5de00,0x00000000c3c80000)
 Metaspace       used 49877K, capacity 53076K, committed 53208K, reserved 1095680K
  class space    used 7053K, capacity 7648K, committed 7680K, reserved 1048576K
Event: 9.265 GC heap after
Heap after GC invocations=14 (full 2):
 PSYoungGen      total 289280K, used 12257K [0x00000000eb100000, 0x00000000fe780000, 0x0000000100000000)
  eden space 276992K, 0% used [0x00000000eb100000,0x00000000eb100000,0x00000000fbf80000)
  from space 12288K, 99% used [0x00000000fdb80000,0x00000000fe778440,0x00000000fe780000)
  to   space 16896K, 0% used [0x00000000fc680000,0x00000000fc680000,0x00000000fd700000)
 ParOldGen       total 43520K, used 21204K [0x00000000c1200000, 0x00000000c3c80000, 0x00000000eb100000)
  object space 43520K, 48% used [0x00000000c1200000,0x00000000c26b5160,0x00000000c3c80000)
 Metaspace       used 49877K, capacity 53076K, committed 53208K, reserved 1095680K
  class space    used 7053K, capacity 7648K, committed 7680K, reserved 1048576K
}
Event: 21.035 GC heap before
{Heap before GC invocations=15 (full 2):
 PSYoungGen      total 289280K, used 107858K [0x00000000eb100000, 0x00000000fe780000, 0x0000000100000000)
  eden space 276992K, 34% used [0x00000000eb100000,0x00000000f0e5c668,0x00000000fbf80000)
  from space 12288K, 99% used [0x00000000fdb80000,0x00000000fe778440,0x00000000fe780000)
  to   space 16896K, 0% used [0x00000000fc680000,0x00000000fc680000,0x00000000fd700000)
 ParOldGen       total 43520K, used 21204K [0x00000000c1200000, 0x00000000c3c80000, 0x00000000eb100000)
  object space 43520K, 48% used [0x00000000c1200000,0x00000000c26b5160,0x00000000c3c80000)
 Metaspace       used 55084K, capacity 58846K, committed 59028K, reserved 1099776K
  class space    used 7779K, capacity 8426K, committed 8448K, reserved 1048576K
Event: 21.086 GC heap after
Heap after GC invocations=15 (full 2):
 PSYoungGen      total 301056K, used 7489K [0x00000000eb100000, 0x0000000100000000, 0x0000000100000000)
  eden space 284160K, 0% used [0x00000000eb100000,0x00000000eb100000,0x00000000fc680000)
  from space 16896K, 44% used [0x00000000fc680000,0x00000000fcdd0648,0x00000000fd700000)
  to   space 16384K, 0% used [0x00000000ff000000,0x00000000ff000000,0x0000000100000000)
 ParOldGen       total 43520K, used 27835K [0x00000000c1200000, 0x00000000c3c80000, 0x00000000eb100000)
  object space 43520K, 63% used [0x00000000c1200000,0x00000000c2d2edf0,0x00000000c3c80000)
 Metaspace       used 55084K, capacity 58846K, committed 59028K, reserved 1099776K
  class space    used 7779K, capacity 8426K, committed 8448K, reserved 1048576K
}
Event: 21.086 GC heap before
{Heap before GC invocations=16 (full 3):
 PSYoungGen      total 301056K, used 7489K [0x00000000eb100000, 0x0000000100000000, 0x0000000100000000)
  eden space 284160K, 0% used [0x00000000eb100000,0x00000000eb100000,0x00000000fc680000)
  from space 16896K, 44% used [0x00000000fc680000,0x00000000fcdd0648,0x00000000fd700000)
  to   space 16384K, 0% used [0x00000000ff000000,0x00000000ff000000,0x0000000100000000)
 ParOldGen       total 43520K, used 27835K [0x00000000c1200000, 0x00000000c3c80000, 0x00000000eb100000)
  object space 43520K, 63% used [0x00000000c1200000,0x00000000c2d2edf0,0x00000000c3c80000)
 Metaspace       used 55084K, capacity 58846K, committed 59028K, reserved 1099776K
  class space    used 7779K, capacity 8426K, committed 8448K, reserved 1048576K
Event: 21.405 GC heap after
Heap after GC invocations=16 (full 3):
 PSYoungGen      total 301056K, used 0K [0x00000000eb100000, 0x0000000100000000, 0x0000000100000000)
  eden space 284160K, 0% used [0x00000000eb100000,0x00000000eb100000,0x00000000fc680000)
  from space 16896K, 0% used [0x00000000fc680000,0x00000000fc680000,0x00000000fd700000)
  to   space 16384K, 0% used [0x00000000ff000000,0x00000000ff000000,0x0000000100000000)
 ParOldGen       total 62464K, used 24818K [0x00000000c1200000, 0x00000000c4f00000, 0x00000000eb100000)
  object space 62464K, 39% used [0x00000000c1200000,0x00000000c2a3c898,0x00000000c4f00000)
 Metaspace       used 55055K, capacity 58764K, committed 59028K, reserved 1099776K
  class space    used 7769K, capacity 8409K, committed 8448K, reserved 1048576K
}
Event: 4603.676 GC heap before
{Heap before GC invocations=17 (full 3):
 PSYoungGen      total 301056K, used 284160K [0x00000000eb100000, 0x0000000100000000, 0x0000000100000000)
  eden space 284160K, 100% used [0x00000000eb100000,0x00000000fc680000,0x00000000fc680000)
  from space 16896K, 0% used [0x00000000fc680000,0x00000000fc680000,0x00000000fd700000)
  to   space 16384K, 0% used [0x00000000ff000000,0x00000000ff000000,0x0000000100000000)
 ParOldGen       total 62464K, used 24818K [0x00000000c1200000, 0x00000000c4f00000, 0x00000000eb100000)
  object space 62464K, 39% used [0x00000000c1200000,0x00000000c2a3c898,0x00000000c4f00000)
 Metaspace       used 56853K, capacity 60810K, committed 60888K, reserved 1101824K
  class space    used 7965K, capacity 8646K, committed 8704K, reserved 1048576K
Event: 4604.164 GC heap after
Heap after GC invocations=17 (full 3):
 PSYoungGen      total 324608K, used 2774K [0x00000000eb100000, 0x00000000ffe80000, 0x0000000100000000)
  eden space 309760K, 0% used [0x00000000eb100000,0x00000000eb100000,0x00000000fdf80000)
  from space 14848K, 18% used [0x00000000ff000000,0x00000000ff2b58f0,0x00000000ffe80000)
  to   space 15872K, 0% used [0x00000000fdf80000,0x00000000fdf80000,0x00000000fef00000)
 ParOldGen       total 62464K, used 24826K [0x00000000c1200000, 0x00000000c4f00000, 0x00000000eb100000)
  object space 62464K, 39% used [0x00000000c1200000,0x00000000c2a3e898,0x00000000c4f00000)
 Metaspace       used 56853K, capacity 60810K, committed 60888K, reserved 1101824K
  class space    used 7965K, capacity 8646K, committed 8704K, reserved 1048576K
}

Deoptimization events (0 events):
No events

Classes redefined (0 events):
No events

Internal exceptions (10 events):
Event: 21.573 Thread 0x000000001c7a5000 Exception <a 'java/lang/ArrayIndexOutOfBoundsException'> (0x00000000ebdb31c8) thrown at [C:\ade\jenkins\workspace\8-2-build-windows-amd64-cygwin\jdk8u241\331\hotspot\src\share\vm\runtime\sharedRuntime.cpp, line 605]
Event: 21.587 Thread 0x000000001c7a5000 Exception <a 'java/lang/ArrayIndexOutOfBoundsException'> (0x00000000ebdbcf48) thrown at [C:\ade\jenkins\workspace\8-2-build-windows-amd64-cygwin\jdk8u241\331\hotspot\src\share\vm\runtime\sharedRuntime.cpp, line 605]
Event: 21.600 Thread 0x000000001c7a5000 Exception <a 'java/lang/ArrayIndexOutOfBoundsException'> (0x00000000ebddbe70) thrown at [C:\ade\jenkins\workspace\8-2-build-windows-amd64-cygwin\jdk8u241\331\hotspot\src\share\vm\runtime\sharedRuntime.cpp, line 605]
Event: 21.600 Thread 0x000000001c7a5000 Exception <a 'java/lang/ArrayIndexOutOfBoundsException'> (0x00000000ebddd620) thrown at [C:\ade\jenkins\workspace\8-2-build-windows-amd64-cygwin\jdk8u241\331\hotspot\src\share\vm\runtime\sharedRuntime.cpp, line 605]
Event: 21.613 Thread 0x000000001c7a5000 Exception <a 'java/lang/ArrayIndexOutOfBoundsException'> (0x00000000ebdff3d0) thrown at [C:\ade\jenkins\workspace\8-2-build-windows-amd64-cygwin\jdk8u241\331\hotspot\src\share\vm\runtime\sharedRuntime.cpp, line 605]
Event: 21.618 Thread 0x000000001c7a5000 Exception <a 'java/lang/ArrayIndexOutOfBoundsException'> (0x00000000ebe33648) thrown at [C:\ade\jenkins\workspace\8-2-build-windows-amd64-cygwin\jdk8u241\331\hotspot\src\share\vm\runtime\sharedRuntime.cpp, line 605]
Event: 21.618 Thread 0x000000001c7a5000 Exception <a 'java/lang/ArrayIndexOutOfBoundsException'> (0x00000000ebe34e50) thrown at [C:\ade\jenkins\workspace\8-2-build-windows-amd64-cygwin\jdk8u241\331\hotspot\src\share\vm\runtime\sharedRuntime.cpp, line 605]
Event: 21.618 Thread 0x000000001c7a5000 Exception <a 'java/lang/ArrayIndexOutOfBoundsException'> (0x00000000ebe35f78) thrown at [C:\ade\jenkins\workspace\8-2-build-windows-amd64-cygwin\jdk8u241\331\hotspot\src\share\vm\runtime\sharedRuntime.cpp, line 605]
Event: 21.619 Thread 0x000000001c7a5000 Exception <a 'java/lang/ArrayIndexOutOfBoundsException'> (0x00000000ebe37898) thrown at [C:\ade\jenkins\workspace\8-2-build-windows-amd64-cygwin\jdk8u241\331\hotspot\src\share\vm\runtime\sharedRuntime.cpp, line 605]
Event: 7145.808 Thread 0x000000001c8ab800 Exception <a 'java/lang/StackOverflowError'> (0x00000000f35aec00) thrown at [C:\ade\jenkins\workspace\8-2-build-windows-amd64-cygwin\jdk8u241\331\hotspot\src\share\vm\interpreter\interpreterRuntime.cpp, line 325]

Events (10 events):
Event: 7145.622 Thread 0x000000001c8a8000 Thread added: 0x000000001c8a8000
Event: 7145.623 Thread 0x000000001c8ab800 Thread added: 0x000000001c8ab800
Event: 7145.623 Executing VM operation: RevokeBias
Event: 7145.626 Executing VM operation: RevokeBias done
Event: 7145.627 Executing VM operation: RevokeBias
Event: 7145.789 Executing VM operation: RevokeBias done
Event: 7145.789 Executing VM operation: RevokeBias
Event: 7145.809 Executing VM operation: RevokeBias done
Event: 7145.819 loading class com/zaxxer/hikari/pool/PoolBase$ConnectionSetupException
Event: 7145.821 loading class com/zaxxer/hikari/pool/PoolBase$ConnectionSetupException done


Dynamic libraries:
0x00007ff609120000 - 0x00007ff609157000 	C:\Program Files\Java\jdk1.8.0_241\bin\java.exe
0x00007ffdd95b0000 - 0x00007ffdd978b000 	C:\Windows\SYSTEM32\ntdll.dll
0x00007ffdd73b0000 - 0x00007ffdd745e000 	C:\Windows\System32\KERNEL32.DLL
0x00007ffdd68c0000 - 0x00007ffdd6b09000 	C:\Windows\System32\KERNELBASE.dll
0x00007ffdd9050000 - 0x00007ffdd90f1000 	C:\Windows\System32\ADVAPI32.dll
0x00007ffdd6fb0000 - 0x00007ffdd704d000 	C:\Windows\System32\msvcrt.dll
0x00007ffdd74c0000 - 0x00007ffdd7519000 	C:\Windows\System32\sechost.dll
0x00007ffdd6ba0000 - 0x00007ffdd6cc5000 	C:\Windows\System32\RPCRT4.dll
0x00007ffdd76a0000 - 0x00007ffdd77ea000 	C:\Windows\System32\USER32.dll
0x00007ffdd5b70000 - 0x00007ffdd5b8e000 	C:\Windows\System32\win32u.dll
0x00007ffdd7520000 - 0x00007ffdd7547000 	C:\Windows\System32\GDI32.dll
0x00007ffdd6460000 - 0x00007ffdd65e9000 	C:\Windows\System32\gdi32full.dll
0x00007ffdd5ad0000 - 0x00007ffdd5b6a000 	C:\Windows\System32\msvcp_win.dll
0x00007ffdd5bf0000 - 0x00007ffdd5ce6000 	C:\Windows\System32\ucrtbase.dll
0x00007ffdcc820000 - 0x00007ffdcca87000 	C:\Windows\WinSxS\amd64_microsoft.windows.common-controls_6595b64144ccf1df_6.0.15063.0_none_108e4f62dfe5d999\COMCTL32.dll
0x00007ffdd70b0000 - 0x00007ffdd73a9000 	C:\Windows\System32\combase.dll
0x00007ffdd5cf0000 - 0x00007ffdd5d5a000 	C:\Windows\System32\bcryptPrimitives.dll
0x00007ffdd77f0000 - 0x00007ffdd781d000 	C:\Windows\System32\IMM32.DLL
0x0000000057cd0000 - 0x0000000057da2000 	C:\Program Files\Java\jdk1.8.0_241\jre\bin\msvcr100.dll
0x0000000057420000 - 0x0000000057ccc000 	C:\Program Files\Java\jdk1.8.0_241\jre\bin\server\jvm.dll
0x00007ffdd6b10000 - 0x00007ffdd6b18000 	C:\Windows\System32\PSAPI.DLL
0x00007ffdd09d0000 - 0x00007ffdd09d9000 	C:\Windows\SYSTEM32\WSOCK32.dll
0x00007ffdd3ed0000 - 0x00007ffdd3ef3000 	C:\Windows\SYSTEM32\WINMM.dll
0x00007ffdc9720000 - 0x00007ffdc972a000 	C:\Windows\SYSTEM32\VERSION.dll
0x00007ffdd9540000 - 0x00007ffdd95ac000 	C:\Windows\System32\WS2_32.dll
0x00007ffdd3d90000 - 0x00007ffdd3dbb000 	C:\Windows\SYSTEM32\WINMMBASE.dll
0x00007ffdd65f0000 - 0x00007ffdd6639000 	C:\Windows\System32\cfgmgr32.dll
0x00007ffdcc390000 - 0x00007ffdcc39f000 	C:\Program Files\Java\jdk1.8.0_241\jre\bin\verify.dll
0x00007ffd9f550000 - 0x00007ffd9f579000 	C:\Program Files\Java\jdk1.8.0_241\jre\bin\java.dll
0x00007ffdd17a0000 - 0x00007ffdd17c3000 	C:\Program Files\Java\jdk1.8.0_241\jre\bin\instrument.dll
0x00007ffd9f530000 - 0x00007ffd9f546000 	C:\Program Files\Java\jdk1.8.0_241\jre\bin\zip.dll
0x00007ffdd78e0000 - 0x00007ffdd8d17000 	C:\Windows\System32\SHELL32.dll
0x00007ffdd7550000 - 0x00007ffdd75fa000 	C:\Windows\System32\shcore.dll
0x00007ffdd5d60000 - 0x00007ffdd6452000 	C:\Windows\System32\windows.storage.dll
0x00007ffdd7050000 - 0x00007ffdd70a1000 	C:\Windows\System32\shlwapi.dll
0x00007ffdd5a90000 - 0x00007ffdd5aa1000 	C:\Windows\System32\kernel.appcore.dll
0x00007ffdd5a40000 - 0x00007ffdd5a8c000 	C:\Windows\System32\powrprof.dll
0x00007ffdd5a20000 - 0x00007ffdd5a35000 	C:\Windows\System32\profapi.dll
0x00007ffdc92a0000 - 0x00007ffdc92ba000 	C:\Program Files\JetBrains\IntelliJ IDEA 2021.2.4\bin\breakgen64.dll
0x00007ffd9f510000 - 0x00007ffd9f52a000 	C:\Program Files\Java\jdk1.8.0_241\jre\bin\net.dll
0x00007ffdd5330000 - 0x00007ffdd538c000 	C:\Windows\system32\mswsock.dll
0x00007ffdd5110000 - 0x00007ffdd51b4000 	C:\Windows\SYSTEM32\DNSAPI.dll
0x00007ffdd8d20000 - 0x00007ffdd8d28000 	C:\Windows\System32\NSI.dll
0x00007ffdd50d0000 - 0x00007ffdd5107000 	C:\Windows\SYSTEM32\IPHLPAPI.DLL
0x00007ffdc9e90000 - 0x00007ffdc9e9a000 	C:\Windows\System32\rasadhlp.dll
0x00007ffdcad70000 - 0x00007ffdcaddb000 	C:\Windows\System32\fwpuclnt.dll
0x00007ffdd55e0000 - 0x00007ffdd5605000 	C:\Windows\SYSTEM32\bcrypt.dll
0x00007ffdc8cf0000 - 0x00007ffdc8cfd000 	C:\Program Files\Java\jdk1.8.0_241\jre\bin\management.dll
0x00007ffd9f4f0000 - 0x00007ffd9f502000 	C:\Program Files\Java\jdk1.8.0_241\jre\bin\nio.dll
0x00007ffdd54e0000 - 0x00007ffdd54f7000 	C:\Windows\SYSTEM32\CRYPTSP.dll
0x00007ffdd4f50000 - 0x00007ffdd4f84000 	C:\Windows\system32\rsaenh.dll
0x00007ffdd5920000 - 0x00007ffdd5949000 	C:\Windows\SYSTEM32\USERENV.dll
0x00007ffdd54d0000 - 0x00007ffdd54db000 	C:\Windows\SYSTEM32\CRYPTBASE.dll
0x00007ffdd08f0000 - 0x00007ffdd0906000 	C:\Windows\SYSTEM32\dhcpcsvc6.DLL
0x00007ffdd1290000 - 0x00007ffdd12aa000 	C:\Windows\SYSTEM32\dhcpcsvc.DLL
0x00007ffdbdef0000 - 0x00007ffdbdf06000 	C:\Windows\system32\napinsp.dll
0x00007ffdbded0000 - 0x00007ffdbdeea000 	C:\Windows\system32\pnrpnsp.dll
0x00007ffdd2a40000 - 0x00007ffdd2a58000 	C:\Windows\system32\NLAapi.dll
0x00007ffdbdec0000 - 0x00007ffdbdece000 	C:\Windows\System32\winrnr.dll
0x00007ffdbdea0000 - 0x00007ffdbdeb5000 	C:\Windows\System32\wshbth.dll
0x00007ffdc5110000 - 0x00007ffdc5134000 	C:\Program Files\Java\jdk1.8.0_241\jre\bin\sunec.dll
0x00007ffdd1790000 - 0x00007ffdd179b000 	C:\Program Files\Java\jdk1.8.0_241\jre\bin\sunmscapi.dll
0x00007ffdd66f0000 - 0x00007ffdd68b9000 	C:\Windows\System32\CRYPT32.dll
0x00007ffdd5ab0000 - 0x00007ffdd5ac1000 	C:\Windows\System32\MSASN1.dll

VM Arguments:
jvm_args: -XX:TieredStopAtLevel=1 -Xverify:none -Dspring.output.ansi.enabled=always -javaagent:C:\Program Files\JetBrains\IntelliJ IDEA 2021.2.4\lib\idea_rt.jar=59672:C:\Program Files\JetBrains\IntelliJ IDEA 2021.2.4\bin -Dcom.sun.management.jmxremote -Dspring.jmx.enabled=true -Dspring.liveBeansView.mbeanDomain -Dspring.application.admin.enabled=true -Dfile.encoding=UTF-8 
java_command: com.codegym.ExamBackendApplication
java_class_path (initial): C:\Program Files\Java\jdk1.8.0_241\jre\lib\charsets.jar;C:\Program Files\Java\jdk1.8.0_241\jre\lib\deploy.jar;C:\Program Files\Java\jdk1.8.0_241\jre\lib\ext\access-bridge-64.jar;C:\Program Files\Java\jdk1.8.0_241\jre\lib\ext\cldrdata.jar;C:\Program Files\Java\jdk1.8.0_241\jre\lib\ext\dnsns.jar;C:\Program Files\Java\jdk1.8.0_241\jre\lib\ext\jaccess.jar;C:\Program Files\Java\jdk1.8.0_241\jre\lib\ext\jfxrt.jar;C:\Program Files\Java\jdk1.8.0_241\jre\lib\ext\localedata.jar;C:\Program Files\Java\jdk1.8.0_241\jre\lib\ext\nashorn.jar;C:\Program Files\Java\jdk1.8.0_241\jre\lib\ext\sunec.jar;C:\Program Files\Java\jdk1.8.0_241\jre\lib\ext\sunjce_provider.jar;C:\Program Files\Java\jdk1.8.0_241\jre\lib\ext\sunmscapi.jar;C:\Program Files\Java\jdk1.8.0_241\jre\lib\ext\sunpkcs11.jar;C:\Program Files\Java\jdk1.8.0_241\jre\lib\ext\zipfs.jar;C:\Program Files\Java\jdk1.8.0_241\jre\lib\javaws.jar;C:\Program Files\Java\jdk1.8.0_241\jre\lib\jce.jar;C:\Program Files\Java\jdk1.8.0_241\jre\lib\jfr.jar;C:\Program Files\Java\jdk1.8.0_241\jre\lib\jfxswt.jar;C:\Program Files\Java\jdk1.8.0_241\jre\lib\jsse.jar;C:\Program Files\Java\jdk1.8.0_241\jre\lib\management-agent.jar;C:\Program Files\Java\jdk1.8.0_241\jre\lib\plugin.jar;C:\Program Files\Java\jdk1.8.0_241\jre\lib\resources.jar;C:\Program Files\Java\jdk1.8.0_241\jre\lib\rt.jar;D:\Codegym\module_5\Exam\exam-backend\build\classes\java\main;D:\Codegym\module_5\Exam\exam-backend\build\resources\main;C:\Users\Admin\.gradle\caches\modules-2\files-2.1\org.springframework.boot\spring-boot-starter-data-jpa\2.7.8\ace969cae39b4479ffedd58e04c5a6eca60c94a5\spring-boot-starter-data-jpa-2.7.8.jar;C:\Users\Admin\.gradle\caches\modules-2\files-2.1\org.springframework.boot\spring-boot-starter-thymeleaf\2.7.8\fa1c619458d1e09fc749fce98c114d37af5af90b\spring-boot-starter-thymeleaf-2.7.8.jar;C:\Users\Admin\.gradle\caches\modules-2\files-2.1\org.springframework.boot\spring-boot-starter-validation\2.7.8\186ab03afb751b1379cbf02a95008d006f
Launcher Type: SUN_STANDARD

Environment Variables:
PATH=C:\Program Files (x86)\Common Files\Oracle\Java\javapath;C:\Windows\system32;C:\Windows;C:\Windows\System32\Wbem;C:\Windows\System32\WindowsPowerShell\v1.0\;C:\Program Files\Git\cmd;C:\Program Files\nodejs\;C:\Users\Admin\AppData\Local\Microsoft\WindowsApps;;C:\Program Files\JetBrains\IntelliJ IDEA 2021.1.3\bin;;C:\Program Files\JetBrains\WebStorm 2020.1\bin;;C:\Users\Admin\AppData\Roaming\npm
USERNAME=Admin
OS=Windows_NT
PROCESSOR_IDENTIFIER=Intel64 Family 6 Model 69 Stepping 1, GenuineIntel



---------------  S Y S T E M  ---------------

OS: Windows 10.0 , 64 bit Build 15063 (10.0.15063.0)

CPU:total 4 (initial active 4) (2 cores per cpu, 2 threads per core) family 6 model 69 stepping 1, cmov, cx8, fxsr, mmx, sse, sse2, sse3, ssse3, sse4.1, sse4.2, popcnt, avx, avx2, aes, clmul, erms, lzcnt, ht, tsc, tscinvbit, bmi1, bmi2

Memory: 4k page, physical 4112748k(607932k free), swap 12001384k(3312k free)

vm_info: Java HotSpot(TM) 64-Bit Server VM (25.241-b07) for windows-amd64 JRE (1.8.0_241-b07), built on Dec 11 2019 10:21:40 by "rejava" with MS VC++ 10.0 (VS2010)

time: Sat Feb 18 12:44:44 2023
timezone: SE Asia Standard Time
elapsed time: 7145 seconds (0d 1h 59m 5s)

